\BOOKMARK [1][-]{Doc-Start}{Abstract}{}% 1
\BOOKMARK [1][-]{Doc-Start}{Acknowledgements}{}% 2
\BOOKMARK [1][-]{Doc-Start}{List of Figures}{}% 3
\BOOKMARK [1][-]{Doc-Start}{List of Tables}{}% 4
\BOOKMARK [0][-]{chapter.1}{Introduction \(2-3 pages\)}{}% 5
\BOOKMARK [1][-]{section.1.1}{Problem Statement}{chapter.1}% 6
\BOOKMARK [1][-]{section.1.2}{Purpose Statement}{chapter.1}% 7
\BOOKMARK [1][-]{section.1.3}{Context}{chapter.1}% 8
\BOOKMARK [1][-]{section.1.4}{Significance of Project}{chapter.1}% 9
\BOOKMARK [0][-]{chapter.2}{Literature \(3-5 pages\)}{}% 10
\BOOKMARK [1][-]{section.2.1}{Literature Overview}{chapter.2}% 11
\BOOKMARK [1][-]{section.2.2}{Software}{chapter.2}% 12
\BOOKMARK [1][-]{section.2.3}{Other Sources}{chapter.2}% 13
\BOOKMARK [0][-]{chapter.3}{Methods \(5-7 pages\)}{}% 14
\BOOKMARK [1][-]{section.3.1}{Design}{chapter.3}% 15
\BOOKMARK [1][-]{section.3.2}{Environment}{chapter.3}% 16
\BOOKMARK [1][-]{section.3.3}{Frameworks}{chapter.3}% 17
\BOOKMARK [1][-]{section.3.4}{Algorithms}{chapter.3}% 18
\BOOKMARK [1][-]{section.3.5}{Analytical Methods}{chapter.3}% 19
\BOOKMARK [1][-]{section.3.6}{Features}{chapter.3}% 20
\BOOKMARK [1][-]{section.3.7}{Test Plan}{chapter.3}% 21
\BOOKMARK [1][-]{section.3.8}{Criteria and Constraints}{chapter.3}% 22
\BOOKMARK [0][-]{chapter.4}{Results \(5-7 pages\)}{}% 23
\BOOKMARK [1][-]{section.4.1}{User Interface Design}{chapter.4}% 24
\BOOKMARK [1][-]{section.4.2}{Architecture}{chapter.4}% 25
\BOOKMARK [1][-]{section.4.3}{Algorithms}{chapter.4}% 26
\BOOKMARK [1][-]{section.4.4}{Analytical Results}{chapter.4}% 27
\BOOKMARK [1][-]{section.4.5}{Features}{chapter.4}% 28
\BOOKMARK [1][-]{section.4.6}{Testing Results}{chapter.4}% 29
\BOOKMARK [0][-]{chapter.5}{Conclusion \(2-3 pages\)}{}% 30
\BOOKMARK [1][-]{section.5.1}{Context}{chapter.5}% 31
\BOOKMARK [1][-]{section.5.2}{Challenges and Solutions}{chapter.5}% 32
\BOOKMARK [1][-]{section.5.3}{Limitations and Delimitations}{chapter.5}% 33
\BOOKMARK [1][-]{section.5.4}{Future Work}{chapter.5}% 34
\BOOKMARK [1][-]{section.5.5}{Project Importance}{chapter.5}% 35
\BOOKMARK [0][-]{chapter*.2}{References}{}% 36
\BOOKMARK [0][-]{section*.3}{Appendices}{}% 37
\BOOKMARK [0][-]{appendix.A}{Additional Information}{}% 38
